[08:08:47] [main/INFO]: Setting user: Player215
[08:08:52] [main/WARN]: Skipping bad option: lastServer:
[08:08:52] [main/INFO]: LWJGL Version: 2.9.4
[08:08:57] [main/INFO]: Reloading ResourceManager: Default, FMLFileResourcePack:Forge Mod Loader, FMLFileResourcePack:Minecraft Forge, FMLFileResourcePack:Lumber Tycoon 2, FMLFileResourcePack:testmod, FMLFileResourcePack:Redstone Flux
[08:09:00] [Sound Library Loader/INFO]: Starting up SoundSystem...
[08:09:00] [Thread-5/INFO]: Initializing LWJGL OpenAL
[08:09:00] [Thread-5/INFO]: (The LWJGL binding of OpenAL.  For more information, see http://www.lwjgl.org)
[08:09:00] [Thread-5/INFO]: OpenAL initialized.
[08:09:01] [Sound Library Loader/INFO]: Sound engine started
[08:09:05] [main/INFO]: Created: 512x512 textures-atlas
[08:09:07] [main/WARN]: Skipping bad option: lastServer:
[08:09:08] [main/INFO]: Narrator library for x64 successfully loaded
[08:09:08] [Realms Notification Availability checker #1/INFO]: Could not authorize you against Realms server: Invalid session id
[08:09:18] [Server thread/INFO]: Starting integrated minecraft server version 1.12
[08:09:18] [Server thread/INFO]: Generating keypair
[08:09:19] [Server thread/INFO]: Loaded 488 advancements
[08:09:19] [Server thread/INFO]: Preparing start region for level 0
[08:09:20] [Server thread/INFO]: Preparing spawn area: 39%
[08:09:21] [Server thread/INFO]: Changing view distance to 9, from 10
[08:09:23] [Server thread/INFO]: Player215[local:E:82c19985] logged in with entity id 298 at (101.35931374087552, 131.0, 5.450688447230122)
[08:09:23] [Server thread/INFO]: Player215 joined the game
[08:09:25] [Server thread/INFO]: Saving and pausing game...
[08:09:25] [Server thread/INFO]: Saving chunks for level 'New World'/overworld
[08:09:25] [pool-2-thread-1/WARN]: Couldn't look up profile properties for com.mojang.authlib.GameProfile@440b8b9d[id=e62c1c20-738a-32fb-af6c-c761d0c6e0d6,name=Player215,properties={},legacy=false]
com.mojang.authlib.exceptions.AuthenticationException: The client has sent too many requests within a certain amount of time
	at com.mojang.authlib.yggdrasil.YggdrasilAuthenticationService.makeRequest(YggdrasilAuthenticationService.java:79) ~[YggdrasilAuthenticationService.class:?]
	at com.mojang.authlib.yggdrasil.YggdrasilMinecraftSessionService.fillGameProfile(YggdrasilMinecraftSessionService.java:180) [YggdrasilMinecraftSessionService.class:?]
	at com.mojang.authlib.yggdrasil.YggdrasilMinecraftSessionService$1.load(YggdrasilMinecraftSessionService.java:60) [YggdrasilMinecraftSessionService$1.class:?]
	at com.mojang.authlib.yggdrasil.YggdrasilMinecraftSessionService$1.load(YggdrasilMinecraftSessionService.java:57) [YggdrasilMinecraftSessionService$1.class:?]
	at com.google.common.cache.LocalCache$LoadingValueReference.loadFuture(LocalCache.java:3716) [guava-21.0.jar:?]
	at com.google.common.cache.LocalCache$Segment.loadSync(LocalCache.java:2424) [guava-21.0.jar:?]
	at com.google.common.cache.LocalCache$Segment.lockedGetOrLoad(LocalCache.java:2298) [guava-21.0.jar:?]
	at com.google.common.cache.LocalCache$Segment.get(LocalCache.java:2211) [guava-21.0.jar:?]
	at com.google.common.cache.LocalCache.get(LocalCache.java:4154) [guava-21.0.jar:?]
	at com.google.common.cache.LocalCache.getOrLoad(LocalCache.java:4158) [guava-21.0.jar:?]
	at com.google.common.cache.LocalCache$LocalLoadingCache.get(LocalCache.java:5147) [guava-21.0.jar:?]
	at com.google.common.cache.LocalCache$LocalLoadingCache.getUnchecked(LocalCache.java:5153) [guava-21.0.jar:?]
	at com.mojang.authlib.yggdrasil.YggdrasilMinecraftSessionService.fillProfileProperties(YggdrasilMinecraftSessionService.java:170) [YggdrasilMinecraftSessionService.class:?]
	at net.minecraft.client.Minecraft.getProfileProperties(Minecraft.java:3161) [Minecraft.class:?]
	at net.minecraft.client.resources.SkinManager$3.run(SkinManager.java:138) [SkinManager$3.class:?]
	at java.util.concurrent.Executors$RunnableAdapter.call(Unknown Source) [?:1.8.0_131]
	at java.util.concurrent.FutureTask.run(Unknown Source) [?:1.8.0_131]
	at java.util.concurrent.ThreadPoolExecutor.runWorker(Unknown Source) [?:1.8.0_131]
	at java.util.concurrent.ThreadPoolExecutor$Worker.run(Unknown Source) [?:1.8.0_131]
	at java.lang.Thread.run(Unknown Source) [?:1.8.0_131]
[08:09:25] [main/INFO]: Loaded 16 advancements
[08:09:25] [Server thread/INFO]: Saving chunks for level 'New World'/the_nether
[08:09:25] [Server thread/INFO]: Saving chunks for level 'New World'/the_end
[08:09:26] [Server thread/INFO]: Saving and pausing game...
[08:09:26] [Server thread/INFO]: Saving chunks for level 'New World'/overworld
[08:09:26] [Server thread/INFO]: Saving chunks for level 'New World'/the_nether
[08:09:26] [Server thread/INFO]: Saving chunks for level 'New World'/the_end
[08:09:26] [Server thread/WARN]: Can't keep up! Did the system time change, or is the server overloaded? Running 2428ms behind, skipping 48 tick(s)
[08:09:45] [Server thread/INFO]: Saving and pausing game...
[08:09:45] [Server thread/INFO]: Saving chunks for level 'New World'/overworld
[08:09:45] [Server thread/INFO]: Saving chunks for level 'New World'/the_nether
[08:09:45] [Server thread/INFO]: Saving chunks for level 'New World'/the_end
